<?xml version="1.0" encoding="UTF-8"?>
<!-- Generated by org.testng.reporters.JUnitXMLReporter -->
<testsuite ignored="4" hostname="DESKTOP-9J17MI4" failures="0" tests="0" time="0.01" errors="0" timestamp="2024-11-15T22:42:19 PKT">
  <testcase classname="test.AdvancedCalculatorTest" name="fibonacciParameterizedTest" time="0.0">
    <ignored/>
  </testcase> <!-- fibonacciParameterizedTest -->
  <testcase classname="test.AdvancedCalculatorTest" name="gcdTest" time="0.0">
    <ignored/>
  </testcase> <!-- gcdTest -->
  <testcase classname="test.AdvancedCalculatorTest" name="fibonacciTest" time="0.0">
    <ignored/>
  </testcase> <!-- fibonacciTest -->
  <testcase classname="test.AdvancedCalculatorTest" name="gcdParameterizedTest" time="0.0">
    <ignored/>
  </testcase> <!-- gcdParameterizedTest -->
</testsuite>
