<?xml version="1.0" encoding="UTF-8"?>
<!-- Generated by org.testng.reporters.JUnitXMLReporter -->
<testsuite ignored="2" hostname="DESKTOP-9J17MI4" failures="0" tests="0" time="0.01" errors="0" timestamp="2024-11-15T22:42:19 PKT">
  <testcase classname="test.GeometryTest" name="calculateTriangleAreaTest" time="0.0">
    <ignored/>
  </testcase> <!-- calculateTriangleAreaTest -->
  <testcase classname="test.GeometryTest" name="circleCircumferenceTest" time="0.0">
    <ignored/>
  </testcase> <!-- circleCircumferenceTest -->
</testsuite>
