<?xml version="1.0" encoding="UTF-8"?>
<!-- Generated by org.testng.reporters.JUnitXMLReporter -->
<testsuite ignored="2" hostname="DESKTOP-9J17MI4" failures="0" tests="6" name="TextProcessorTests" time="0.116" errors="0" timestamp="2024-11-15T22:42:19 PKT">
  <testcase classname="test.TextProcessorTest" name="testAreAnagrams" time="0.018"/>
  <testcase classname="test.TextProcessorTest" name="testAreAnagrams" time="0.004"/>
  <testcase classname="test.TextProcessorTest" name="testAreAnagrams" time="0.002"/>
  <testcase classname="test.TextProcessorTest" name="testReverseWords" time="0.001"/>
  <testcase classname="test.TextProcessorTest" name="testReverseWords" time="0.002"/>
  <testcase classname="test.TextProcessorTest" name="testReverseWords" time="0.001"/>
  <testcase classname="test.TextProcessorTest" name="testAreAnagramsParameterized" time="0.0">
    <ignored/>
  </testcase> <!-- testAreAnagramsParameterized -->
  <testcase classname="test.TextProcessorTest" name="testReverseWordsParameterized" time="0.0">
    <ignored/>
  </testcase> <!-- testReverseWordsParameterized -->
</testsuite> <!-- TextProcessorTests -->
